1762952151785:help
1762952170664:room list
1762952186097:room add first
1762952226950:device add light
1762952261455:device add
1762952270328:device add lightbulb name 1
1762952333377:lightbulb color red
1762952351029:lightbulb color
1762952360609:lightbulb color 1
1762952374023:lightbuilb color red 1
1762952381495:lightbulb color red 1
1762952386440:lightbulb color 1 red
1762952390684:help
1762952399586:mode night
1762952402761:mode night 1
1762952480889:room list
1762952905171:git pull
1762964239263:help
1762966887611:room list
1762966892871:device lsit
1762966895189:device list
1762966899351:device list 1
1762967143755:help
1762967149705:mode night
1762967153282:mode night 1
